Base path: D:/Program Files/Unity/Editor/Data
Cmd: getPlatforms
Cmd: preprocess
  insize=8715 outsize=1195 ok=1
Cmd: preprocess
  insize=2889 outsize=321 ok=1
Cmd: preprocess
  insize=11419 outsize=2095 ok=1
Cmd: preprocess
  insize=3806 outsize=2130 ok=1
Cmd: preprocess
  insize=40482 outsize=1902 ok=1
Cmd: preprocess
  insize=10818 outsize=1904 ok=1
Cmd: preprocess
  insize=2965 outsize=397 ok=1
Cmd: preprocess
  insize=6213 outsize=456 ok=1
Cmd: preprocess
  insize=40460 outsize=5196 ok=1
Cmd: preprocess
  insize=6980 outsize=979 ok=1
Cmd: preprocess
  insize=3254 outsize=1678 ok=1
Cmd: compileCompute
  api=4 insize=2664 outsize=4053 ok=1
